#
# There is insufficient memory for the Java Runtime Environment to continue.
# Native memory allocation (malloc) failed to allocate 1048576 bytes for AllocateHeap
# Possible reasons:
#   The system is out of physical RAM or swap space
#   The process is running with CompressedOops enabled, and the Java Heap may be blocking the growth of the native heap
# Possible solutions:
#   Reduce memory load on the system
#   Increase physical memory or swap space
#   Check if swap backing store is full
#   Decrease Java heap size (-Xmx/-Xms)
#   Decrease number of Java threads
#   Decrease Java thread stack sizes (-Xss)
#   Set larger code cache with -XX:ReservedCodeCacheSize=
#   JVM is running with Unscaled Compressed Oops mode in which the Java heap is
#     placed in the first 4GB address space. The Java Heap base address is the
#     maximum limit for the native heap growth. Please use -XX:HeapBaseMinAddress
#     to set the Java Heap base and to place the Java Heap above 4GB virtual address.
# This output file may be truncated or incomplete.
#
#  Out of Memory Error (allocation.cpp:44), pid=26312, tid=23304
#
# JRE version: OpenJDK Runtime Environment Temurin-17.0.7+7 (17.0.7+7) (build 17.0.7+7)
# Java VM: OpenJDK 64-Bit Server VM Temurin-17.0.7+7 (17.0.7+7, mixed mode, emulated-client, tiered, compressed oops, compressed class ptrs, g1 gc, windows-amd64)
# No core dump will be written. Minidumps are not enabled by default on client versions of Windows
#

---------------  S U M M A R Y ------------

Command Line: -XX:+HeapDumpOnOutOfMemoryError -Xmx1024m -Dsts.lsp.client=vscode -Dsts.log.file=/dev/null -XX:TieredStopAtLevel=1 -Xlog:jni+resolve=off -Dspring.config.location=file:c:\Users\claud\.vscode\extensions\vmware.vscode-spring-boot-1.48.0\language-server\BOOT-INF\classes\application.properties org.springframework.ide.vscode.boot.app.BootLanguageServerBootApp

Host: Intel(R) Core(TM) i5-1035G4 CPU @ 1.10GHz, 8 cores, 7G,  Windows 10 , 64 bit Build 19041 (10.0.19041.3155)
Time: Mon Aug 21 01:36:25 2023 Pacific Daylight Time elapsed time: 16328.258748 seconds (0d 4h 32m 8s)

---------------  T H R E A D  ---------------

Current thread (0x00000244fef5c470):  VMThread "VM Thread" [stack: 0x0000008213400000,0x0000008213500000] [id=23304]

Stack: [0x0000008213400000,0x0000008213500000]
Native frames: (J=compiled Java code, j=interpreted, Vv=VM code, C=native code)
V  [jvm.dll+0x67754a]
V  [jvm.dll+0x834304]
V  [jvm.dll+0x835aae]
V  [jvm.dll+0x836113]
V  [jvm.dll+0x24696f]
V  [jvm.dll+0xa681f]
V  [jvm.dll+0x2f73f3]
V  [jvm.dll+0x2f30f0]
V  [jvm.dll+0x2db6c7]
V  [jvm.dll+0x31e777]
V  [jvm.dll+0x83a5bb]
V  [jvm.dll+0x83b2f4]
V  [jvm.dll+0x83b80c]
V  [jvm.dll+0x83bbe4]
V  [jvm.dll+0x83bcb0]
V  [jvm.dll+0x7e4e7a]
V  [jvm.dll+0x676395]
C  [ucrtbase.dll+0x21bb2]
C  [KERNEL32.DLL+0x17614]
C  [ntdll.dll+0x526b1]

VM_Operation (0x00000082147fe8c0): G1CollectFull, mode: safepoint, requested by thread 0x00000244ffc8c380


---------------  P R O C E S S  ---------------

Threads class SMR info:
_java_thread_list=0x00000244f61f77a0, length=18, elements={
0x00000244fef64900, 0x00000244fef654b0, 0x00000244fef9d130, 0x00000244fef9faf0,
0x00000244fefa04a0, 0x00000244fefa2e60, 0x00000244fefa3810, 0x00000244ff0c8050,
0x00000244ff2f30d0, 0x00000244ff30e0c0, 0x00000244ffc34440, 0x000002448622e050,
0x00000244ffc8c380, 0x00000244ffb14840, 0x00000244f6147a60, 0x00000244ffc64100,
0x0000024486b17020, 0x0000024486b37e90
}

Java Threads: ( => current thread )
  0x00000244fef64900 JavaThread "Reference Handler" daemon [_thread_blocked, id=12352, stack(0x0000008213500000,0x0000008213600000)]
  0x00000244fef654b0 JavaThread "Finalizer" daemon [_thread_blocked, id=15040, stack(0x0000008213600000,0x0000008213700000)]
  0x00000244fef9d130 JavaThread "Signal Dispatcher" daemon [_thread_blocked, id=30108, stack(0x0000008213700000,0x0000008213800000)]
  0x00000244fef9faf0 JavaThread "Attach Listener" daemon [_thread_blocked, id=27760, stack(0x0000008213800000,0x0000008213900000)]
  0x00000244fefa04a0 JavaThread "Service Thread" daemon [_thread_blocked, id=1888, stack(0x0000008213900000,0x0000008213a00000)]
  0x00000244fefa2e60 JavaThread "Monitor Deflation Thread" daemon [_thread_blocked, id=24400, stack(0x0000008213a00000,0x0000008213b00000)]
  0x00000244fefa3810 JavaThread "C1 CompilerThread0" daemon [_thread_blocked, id=2368, stack(0x0000008213b00000,0x0000008213c00000)]
  0x00000244ff0c8050 JavaThread "Sweeper thread" daemon [_thread_blocked, id=24020, stack(0x0000008213c00000,0x0000008213d00000)]
  0x00000244ff2f30d0 JavaThread "Notification Thread" daemon [_thread_blocked, id=26796, stack(0x0000008213e00000,0x0000008213f00000)]
  0x00000244ff30e0c0 JavaThread "Common-Cleaner" daemon [_thread_blocked, id=2736, stack(0x0000008214000000,0x0000008214100000)]
  0x00000244ffc34440 JavaThread "boundedElastic-evictor-1" daemon [_thread_blocked, id=28120, stack(0x0000008212c00000,0x0000008212d00000)]
  0x000002448622e050 JavaThread "boundedElastic-evictor-2" daemon [_thread_blocked, id=16632, stack(0x0000008212d00000,0x0000008212e00000)]
  0x00000244ffc8c380 JavaThread "pool-11-thread-1" [_thread_blocked, id=25248, stack(0x0000008214700000,0x0000008214800000)]
  0x00000244ffb14840 JavaThread "LanguageServerApp-lifecycle" [_thread_blocked, id=29192, stack(0x0000008214900000,0x0000008214a00000)]
  0x00000244f6147a60 JavaThread "DestroyJavaVM" [_thread_blocked, id=25072, stack(0x0000008212e00000,0x0000008212f00000)]
  0x00000244ffc64100 JavaThread "pool-12-thread-1" [_thread_in_native, id=27772, stack(0x0000008214a00000,0x0000008214b00000)]
  0x0000024486b17020 JavaThread "Simple-Language-Server main thread" daemon [_thread_blocked, id=10484, stack(0x0000008214b00000,0x0000008214c00000)]
  0x0000024486b37e90 JavaThread "pool-7-thread-1" [_thread_blocked, id=22420, stack(0x0000008214d00000,0x0000008214e00000)]

Other Threads:
=>0x00000244fef5c470 VMThread "VM Thread" [stack: 0x0000008213400000,0x0000008213500000] [id=23304]
  0x00000244ff2f35a0 WatcherThread [stack: 0x0000008213f00000,0x0000008214000000] [id=27416]
  0x00000244f6182170 GCTaskThread "GC Thread#0" [stack: 0x0000008212f00000,0x0000008213000000] [id=27532]
  0x00000244ff386760 GCTaskThread "GC Thread#1" [stack: 0x0000008213d00000,0x0000008213e00000] [id=27536]
  0x00000244ff27fb00 GCTaskThread "GC Thread#2" [stack: 0x0000008214100000,0x0000008214200000] [id=9264]
  0x00000244ff476c60 GCTaskThread "GC Thread#3" [stack: 0x0000008214200000,0x0000008214300000] [id=21788]
  0x00000244861bab80 GCTaskThread "GC Thread#4" [stack: 0x0000008214300000,0x0000008214400000] [id=28648]
  0x00000244861bb640 GCTaskThread "GC Thread#5" [stack: 0x0000008214400000,0x0000008214500000] [id=29440]
  0x00000244861bb8f0 GCTaskThread "GC Thread#6" [stack: 0x0000008214500000,0x0000008214600000] [id=29668]
  0x00000244861bbba0 GCTaskThread "GC Thread#7" [stack: 0x0000008214600000,0x0000008214700000] [id=29504]
  0x00000244f618b0b0 ConcurrentGCThread "G1 Main Marker" [stack: 0x0000008213000000,0x0000008213100000] [id=17296]
  0x00000244f618bac0 ConcurrentGCThread "G1 Conc#0" [stack: 0x0000008213100000,0x0000008213200000] [id=25308]
  0x00000244862eeb20 ConcurrentGCThread "G1 Conc#1" [stack: 0x0000008214800000,0x0000008214900000] [id=28128]
  0x00000244f61f86d0 ConcurrentGCThread "G1 Refine#0" [stack: 0x0000008213200000,0x0000008213300000] [id=16748]
  0x00000244fedc1200 ConcurrentGCThread "G1 Service" [stack: 0x0000008213300000,0x0000008213400000] [id=26968]

Threads with active compile tasks:

VM state: at safepoint (normal execution)

VM Mutex/Monitor currently owned by a thread:  ([mutex/lock_event])
[0x00000244f6143800] Threads_lock - owner thread: 0x00000244fef5c470
[0x00000244f61432f0] Heap_lock - owner thread: 0x00000244ffc8c380

Heap address: 0x00000000c0000000, size: 1024 MB, Compressed Oops mode: 32-bit

CDS archive(s) not mapped
Compressed class space mapped at: 0x0000000100000000-0x0000000140000000, reserved size: 1073741824
Narrow klass base: 0x0000000000000000, Narrow klass shift: 3, Narrow klass range: 0x140000000

GC Precious Log:
 CPUs: 8 total, 8 available
 Memory: 7778M
 Large Page Support: Disabled
 NUMA Support: Disabled
 Compressed Oops: Enabled (32-bit)
 Heap Region Size: 1M
 Heap Min Capacity: 8M
 Heap Initial Capacity: 122M
 Heap Max Capacity: 1G
 Pre-touch: Disabled
 Parallel Workers: 8
 Concurrent Workers: 2
 Concurrent Refinement Workers: 8
 Periodic GC: Disabled

Heap:
 garbage-first heap   total 55296K, used 17145K [0x00000000c0000000, 0x0000000100000000)
  region size 1024K, 1 young (1024K), 0 survivors (0K)
 Metaspace       used 37417K, committed 37952K, reserved 1114112K
  class space    used 4847K, committed 5056K, reserved 1048576K

Heap Regions: E=young(eden), S=young(survivor), O=old, HS=humongous(starts), HC=humongous(continues), CS=collection set, F=free, OA=open archive, CA=closed archive, TAMS=top-at-mark-start (previous, next)
|   0|0x00000000c0000000, 0x00000000c0100000, 0x00000000c0100000|100%| O|  |TAMS 0x00000000c0100000, 0x00000000c0000000| Untracked 
|   1|0x00000000c0100000, 0x00000000c0200000, 0x00000000c0200000|100%| O|  |TAMS 0x00000000c0200000, 0x00000000c0100000| Untracked 
|   2|0x00000000c0200000, 0x00000000c0300000, 0x00000000c0300000|100%| O|  |TAMS 0x00000000c0300000, 0x00000000c0200000| Untracked 
|   3|0x00000000c0300000, 0x00000000c0400000, 0x00000000c0400000|100%| O|  |TAMS 0x00000000c0400000, 0x00000000c0300000| Untracked 
|   4|0x00000000c0400000, 0x00000000c0500000, 0x00000000c0500000|100%| O|  |TAMS 0x00000000c0500000, 0x00000000c0400000| Untracked 
|   5|0x00000000c0500000, 0x00000000c05ffff0, 0x00000000c0600000| 99%| O|  |TAMS 0x00000000c05ffff0, 0x00000000c0500000| Untracked 
|   6|0x00000000c0600000, 0x00000000c06fefc8, 0x00000000c0700000| 99%| O|  |TAMS 0x00000000c06fefc8, 0x00000000c0600000| Untracked 
|   7|0x00000000c0700000, 0x00000000c07fbaf8, 0x00000000c0800000| 98%| O|  |TAMS 0x00000000c07fbaf8, 0x00000000c0700000| Untracked 
|   8|0x00000000c0800000, 0x00000000c08ffff0, 0x00000000c0900000| 99%| O|  |TAMS 0x00000000c08ffff0, 0x00000000c0800000| Untracked 
|   9|0x00000000c0900000, 0x00000000c09ffea8, 0x00000000c0a00000| 99%| O|  |TAMS 0x00000000c09ffea8, 0x00000000c0900000| Untracked 
|  10|0x00000000c0a00000, 0x00000000c0afffd8, 0x00000000c0b00000| 99%| O|  |TAMS 0x00000000c0afffd8, 0x00000000c0a00000| Untracked 
|  11|0x00000000c0b00000, 0x00000000c0bfffd8, 0x00000000c0c00000| 99%| O|  |TAMS 0x00000000c0bfffd8, 0x00000000c0b00000| Untracked 
|  12|0x00000000c0c00000, 0x00000000c0d00000, 0x00000000c0d00000|100%| O|  |TAMS 0x00000000c0d00000, 0x00000000c0c00000| Untracked 
|  13|0x00000000c0d00000, 0x00000000c0dfffe0, 0x00000000c0e00000| 99%| O|  |TAMS 0x00000000c0dfffe0, 0x00000000c0d00000| Untracked 
|  14|0x00000000c0e00000, 0x00000000c0f00000, 0x00000000c0f00000|100%| O|  |TAMS 0x00000000c0f00000, 0x00000000c0e00000| Untracked 
|  15|0x00000000c0f00000, 0x00000000c0ffffd8, 0x00000000c1000000| 99%| O|  |TAMS 0x00000000c0ffffd8, 0x00000000c0f00000| Untracked 
|  16|0x00000000c1000000, 0x00000000c10c3ce8, 0x00000000c1100000| 76%| O|  |TAMS 0x00000000c1000000, 0x00000000c1000000| Untracked 
|  17|0x00000000c1100000, 0x00000000c11001b8, 0x00000000c1200000|  0%| O|  |TAMS 0x00000000c1100000, 0x00000000c1100000| Untracked 
|  18|0x00000000c1200000, 0x00000000c1200000, 0x00000000c1300000|  0%| F|  |TAMS 0x00000000c1200000, 0x00000000c1200000| Untracked 
|  19|0x00000000c1300000, 0x00000000c1300000, 0x00000000c1400000|  0%| F|  |TAMS 0x00000000c1300000, 0x00000000c1300000| Untracked 
|  20|0x00000000c1400000, 0x00000000c1400000, 0x00000000c1500000|  0%| F|  |TAMS 0x00000000c1400000, 0x00000000c1400000| Untracked 
|  21|0x00000000c1500000, 0x00000000c1500000, 0x00000000c1600000|  0%| F|  |TAMS 0x00000000c1500000, 0x00000000c1500000| Untracked 
|  22|0x00000000c1600000, 0x00000000c1600000, 0x00000000c1700000|  0%| F|  |TAMS 0x00000000c1600000, 0x00000000c1600000| Untracked 
|  23|0x00000000c1700000, 0x00000000c1700000, 0x00000000c1800000|  0%| F|  |TAMS 0x00000000c1700000, 0x00000000c1700000| Untracked 
|  24|0x00000000c1800000, 0x00000000c1800000, 0x00000000c1900000|  0%| F|  |TAMS 0x00000000c1800000, 0x00000000c1800000| Untracked 
|  25|0x00000000c1900000, 0x00000000c1900000, 0x00000000c1a00000|  0%| F|  |TAMS 0x00000000c1900000, 0x00000000c1900000| Untracked 
|  26|0x00000000c1a00000, 0x00000000c1a00000, 0x00000000c1b00000|  0%| F|  |TAMS 0x00000000c1a00000, 0x00000000c1a00000| Untracked 
|  27|0x00000000c1b00000, 0x00000000c1b00000, 0x00000000c1c00000|  0%| F|  |TAMS 0x00000000c1b00000, 0x00000000c1b00000| Untracked 
|  28|0x00000000c1c00000, 0x00000000c1c00000, 0x00000000c1d00000|  0%| F|  |TAMS 0x00000000c1c00000, 0x00000000c1c00000| Untracked 
|  29|0x00000000c1d00000, 0x00000000c1d00000, 0x00000000c1e00000|  0%| F|  |TAMS 0x00000000c1d00000, 0x00000000c1d00000| Untracked 
|  30|0x00000000c1e00000, 0x00000000c1e00000, 0x00000000c1f00000|  0%| F|  |TAMS 0x00000000c1e00000, 0x00000000c1e00000| Untracked 
|  31|0x00000000c1f00000, 0x00000000c1f00000, 0x00000000c2000000|  0%| F|  |TAMS 0x00000000c1f00000, 0x00000000c1f00000| Untracked 
|  32|0x00000000c2000000, 0x00000000c2000000, 0x00000000c2100000|  0%| F|  |TAMS 0x00000000c2000000, 0x00000000c2000000| Untracked 
|  33|0x00000000c2100000, 0x00000000c2100000, 0x00000000c2200000|  0%| F|  |TAMS 0x00000000c2100000, 0x00000000c2100000| Untracked 
|  34|0x00000000c2200000, 0x00000000c2200000, 0x00000000c2300000|  0%| F|  |TAMS 0x00000000c2200000, 0x00000000c2200000| Untracked 
|  35|0x00000000c2300000, 0x00000000c2300000, 0x00000000c2400000|  0%| F|  |TAMS 0x00000000c2300000, 0x00000000c2300000| Untracked 
|  36|0x00000000c2400000, 0x00000000c2400000, 0x00000000c2500000|  0%| F|  |TAMS 0x00000000c2400000, 0x00000000c2400000| Untracked 
|  37|0x00000000c2500000, 0x00000000c2500000, 0x00000000c2600000|  0%| F|  |TAMS 0x00000000c2500000, 0x00000000c2500000| Untracked 
|  38|0x00000000c2600000, 0x00000000c2600000, 0x00000000c2700000|  0%| F|  |TAMS 0x00000000c2600000, 0x00000000c2600000| Untracked 
|  39|0x00000000c2700000, 0x00000000c2700000, 0x00000000c2800000|  0%| F|  |TAMS 0x00000000c2700000, 0x00000000c2700000| Untracked 
|  40|0x00000000c2800000, 0x00000000c2800000, 0x00000000c2900000|  0%| F|  |TAMS 0x00000000c2800000, 0x00000000c2800000| Untracked 
|  41|0x00000000c2900000, 0x00000000c2900000, 0x00000000c2a00000|  0%| F|  |TAMS 0x00000000c2900000, 0x00000000c2900000| Untracked 
|  42|0x00000000c2a00000, 0x00000000c2a00000, 0x00000000c2b00000|  0%| F|  |TAMS 0x00000000c2a00000, 0x00000000c2a00000| Untracked 
|  43|0x00000000c2b00000, 0x00000000c2b00000, 0x00000000c2c00000|  0%| F|  |TAMS 0x00000000c2b00000, 0x00000000c2b00000| Untracked 
|  44|0x00000000c2c00000, 0x00000000c2c00000, 0x00000000c2d00000|  0%| F|  |TAMS 0x00000000c2c00000, 0x00000000c2c00000| Untracked 
|  45|0x00000000c2d00000, 0x00000000c2d00000, 0x00000000c2e00000|  0%| F|  |TAMS 0x00000000c2d00000, 0x00000000c2d00000| Untracked 
|  46|0x00000000c2e00000, 0x00000000c2e00000, 0x00000000c2f00000|  0%| F|  |TAMS 0x00000000c2e00000, 0x00000000c2e00000| Untracked 
|  89|0x00000000c5900000, 0x00000000c5900000, 0x00000000c5a00000|  0%| F|  |TAMS 0x00000000c5900000, 0x00000000c5900000| Untracked 
|  90|0x00000000c5a00000, 0x00000000c5a00000, 0x00000000c5b00000|  0%| F|  |TAMS 0x00000000c5a00000, 0x00000000c5a00000| Untracked 
|  95|0x00000000c5f00000, 0x00000000c5f00000, 0x00000000c6000000|  0%| F|  |TAMS 0x00000000c5f00000, 0x00000000c5f00000| Untracked 
|  96|0x00000000c6000000, 0x00000000c6000000, 0x00000000c6100000|  0%| F|  |TAMS 0x00000000c6000000, 0x00000000c6000000| Untracked 
|  97|0x00000000c6100000, 0x00000000c6100000, 0x00000000c6200000|  0%| F|  |TAMS 0x00000000c6100000, 0x00000000c6100000| Untracked 
| 120|0x00000000c7800000, 0x00000000c7800000, 0x00000000c7900000|  0%| F|  |TAMS 0x00000000c7800000, 0x00000000c7800000| Untracked 
| 121|0x00000000c7900000, 0x00000000c7924ce0, 0x00000000c7a00000| 14%| E|  |TAMS 0x00000000c7900000, 0x00000000c7900000| Complete 

Card table byte_map: [0x00000244fc0d0000,0x00000244fc2d0000] _byte_map_base: 0x00000244fbad0000

Marking Bits (Prev, Next): (CMBitMap*) 0x00000244f6182780, (CMBitMap*) 0x00000244f61827c0
 Prev Bits: [0x00000244fc4d0000, 0x00000244fd4d0000)
 Next Bits: [0x00000244fd4d0000, 0x00000244fe4d0000)

Polling page: 0x00000244f4140000

Metaspace:

Usage:
  Non-class:     31.81 MB used.
      Class:      4.73 MB used.
       Both:     36.54 MB used.

Virtual space:
  Non-class space:       64.00 MB reserved,      32.12 MB ( 50%) committed,  1 nodes.
      Class space:        1.00 GB reserved,       4.94 MB ( <1%) committed,  1 nodes.
             Both:        1.06 GB reserved,      37.06 MB (  3%) committed. 

Chunk freelists:
   Non-Class:  15.34 MB
       Class:  11.03 MB
        Both:  26.37 MB

MaxMetaspaceSize: unlimited
CompressedClassSpaceSize: 1.00 GB
Initial GC threshold: 21.00 MB
Current GC threshold: 61.81 MB
CDS: off
MetaspaceReclaimPolicy: balanced
 - commit_granule_bytes: 65536.
 - commit_granule_words: 8192.
 - virtual_space_node_default_size: 8388608.
 - enlarge_chunks_in_place: 1.
 - new_chunks_are_fully_committed: 0.
 - uncommit_free_chunks: 1.
 - use_allocation_guard: 0.
 - handle_deallocations: 1.


Internal statistics:

num_allocs_failed_limit: 8.
num_arena_births: 486.
num_arena_deaths: 138.
num_vsnodes_births: 2.
num_vsnodes_deaths: 0.
num_space_committed: 593.
num_space_uncommitted: 0.
num_chunks_returned_to_freelist: 165.
num_chunks_taken_from_freelist: 1607.
num_chunk_merges: 48.
num_chunk_splits: 1085.
num_chunks_enlarged: 812.
num_inconsistent_stats: 0.

CodeCache: size=49152Kb used=6700Kb max_used=7054Kb free=42451Kb
 bounds [0x00000244f8dc0000, 0x00000244f94b0000, 0x00000244fbdc0000]
 total_blobs=4118 nmethods=3577 adapters=468
 compilation: enabled
              stopped_count=0, restarted_count=0
 full_count=0

Compilation events (20 events):
Event: 2478.872 Thread 0x00000244fefa3810 3571       1       java.util.Properties::getProperty (16 bytes)
Event: 2478.873 Thread 0x00000244fefa3810 nmethod 3571 0x00000244f946a490 code [0x00000244f946a620, 0x00000244f946a728]
Event: 2520.449 Thread 0x00000244fefa3810 3572       1       java.util.StringTokenizer::<init> (52 bytes)
Event: 2520.454 Thread 0x00000244fefa3810 nmethod 3572 0x00000244f946a010 code [0x00000244f946a1c0, 0x00000244f946a388]
Event: 2650.592 Thread 0x00000244fefa3810 3573       1       java.lang.ProcessImpl::createCommandLine (303 bytes)
Event: 2650.605 Thread 0x00000244fefa3810 nmethod 3573 0x00000244f9468b90 code [0x00000244f9468e60, 0x00000244f9469788]
Event: 2682.364 Thread 0x00000244fefa3810 3574       1       java.io.BufferedInputStream::<init> (9 bytes)
Event: 2682.365 Thread 0x00000244fefa3810 nmethod 3574 0x00000244f9468610 code [0x00000244f94687c0, 0x00000244f9468aa8]
Event: 2682.365 Thread 0x00000244fefa3810 3575       1       java.io.BufferedInputStream::<init> (32 bytes)
Event: 2682.366 Thread 0x00000244fefa3810 nmethod 3575 0x00000244f9468090 code [0x00000244f9468240, 0x00000244f9468508]
Event: 2703.261 Thread 0x00000244fefa3810 3576       1       java.lang.System::getProperty (26 bytes)
Event: 2703.268 Thread 0x00000244fefa3810 nmethod 3576 0x00000244f9467810 code [0x00000244f9467a20, 0x00000244f9467e08]
Event: 2703.698 Thread 0x00000244fefa3810 3577       1       java.io.BufferedInputStream::close (44 bytes)
Event: 2703.780 Thread 0x00000244fefa3810 nmethod 3577 0x00000244f9467390 code [0x00000244f9467540, 0x00000244f9467768]
Event: 2745.137 Thread 0x00000244fefa3810 3578       1       org.springframework.ide.vscode.commons.languageserver.util.ParentProcessWatcher::run (36 bytes)
Event: 2745.156 Thread 0x00000244fefa3810 nmethod 3578 0x00000244f9466c10 code [0x00000244f9466e00, 0x00000244f9467118]
Event: 2745.156 Thread 0x00000244fefa3810 3579   !   1       org.springframework.ide.vscode.commons.languageserver.util.ParentProcessWatcher::parentProcessStillRunning (413 bytes)
Event: 2745.182 Thread 0x00000244fefa3810 nmethod 3579 0x00000244f9461210 code [0x00000244f9461a40, 0x00000244f9464c08]
Event: 16327.776 Thread 0x00000244fefa3810 3581       1       sun.security.action.GetPropertyAction::privilegedGetProperty (28 bytes)
Event: 16327.818 Thread 0x00000244fefa3810 nmethod 3581 0x00000244f9460490 code [0x00000244f94606a0, 0x00000244f9460b18]

GC Heap History (20 events):
Event: 2724.644 GC heap before
{Heap before GC invocations=244 (full 234):
 garbage-first heap   total 55296K, used 17154K [0x00000000c0000000, 0x0000000100000000)
  region size 1024K, 1 young (1024K), 0 survivors (0K)
 Metaspace       used 37417K, committed 37952K, reserved 1114112K
  class space    used 4847K, committed 5056K, reserved 1048576K
}
Event: 2724.704 GC heap after
{Heap after GC invocations=245 (full 235):
 garbage-first heap   total 55296K, used 17154K [0x00000000c0000000, 0x0000000100000000)
  region size 1024K, 0 young (0K), 0 survivors (0K)
 Metaspace       used 37417K, committed 37952K, reserved 1114112K
  class space    used 4847K, committed 5056K, reserved 1048576K
}
Event: 2735.071 GC heap before
{Heap before GC invocations=245 (full 235):
 garbage-first heap   total 55296K, used 17154K [0x00000000c0000000, 0x0000000100000000)
  region size 1024K, 1 young (1024K), 0 survivors (0K)
 Metaspace       used 37417K, committed 37952K, reserved 1114112K
  class space    used 4847K, committed 5056K, reserved 1048576K
}
Event: 2735.122 GC heap after
{Heap after GC invocations=246 (full 236):
 garbage-first heap   total 55296K, used 17154K [0x00000000c0000000, 0x0000000100000000)
  region size 1024K, 0 young (0K), 0 survivors (0K)
 Metaspace       used 37417K, committed 37952K, reserved 1114112K
  class space    used 4847K, committed 5056K, reserved 1048576K
}
Event: 2745.594 GC heap before
{Heap before GC invocations=246 (full 236):
 garbage-first heap   total 55296K, used 17154K [0x00000000c0000000, 0x0000000100000000)
  region size 1024K, 1 young (1024K), 0 survivors (0K)
 Metaspace       used 37417K, committed 37952K, reserved 1114112K
  class space    used 4847K, committed 5056K, reserved 1048576K
}
Event: 2745.652 GC heap after
{Heap after GC invocations=247 (full 237):
 garbage-first heap   total 55296K, used 17154K [0x00000000c0000000, 0x0000000100000000)
  region size 1024K, 0 young (0K), 0 survivors (0K)
 Metaspace       used 37417K, committed 37952K, reserved 1114112K
  class space    used 4847K, committed 5056K, reserved 1048576K
}
Event: 2756.177 GC heap before
{Heap before GC invocations=247 (full 237):
 garbage-first heap   total 55296K, used 17154K [0x00000000c0000000, 0x0000000100000000)
  region size 1024K, 1 young (1024K), 0 survivors (0K)
 Metaspace       used 37417K, committed 37952K, reserved 1114112K
  class space    used 4847K, committed 5056K, reserved 1048576K
}
Event: 2756.233 GC heap after
{Heap after GC invocations=248 (full 238):
 garbage-first heap   total 55296K, used 17145K [0x00000000c0000000, 0x0000000100000000)
  region size 1024K, 0 young (0K), 0 survivors (0K)
 Metaspace       used 37417K, committed 37952K, reserved 1114112K
  class space    used 4847K, committed 5056K, reserved 1048576K
}
Event: 2766.673 GC heap before
{Heap before GC invocations=248 (full 238):
 garbage-first heap   total 55296K, used 17145K [0x00000000c0000000, 0x0000000100000000)
  region size 1024K, 1 young (1024K), 0 survivors (0K)
 Metaspace       used 37417K, committed 37952K, reserved 1114112K
  class space    used 4847K, committed 5056K, reserved 1048576K
}
Event: 2766.728 GC heap after
{Heap after GC invocations=249 (full 239):
 garbage-first heap   total 55296K, used 17145K [0x00000000c0000000, 0x0000000100000000)
  region size 1024K, 0 young (0K), 0 survivors (0K)
 Metaspace       used 37417K, committed 37952K, reserved 1114112K
  class space    used 4847K, committed 5056K, reserved 1048576K
}
Event: 2776.994 GC heap before
{Heap before GC invocations=249 (full 239):
 garbage-first heap   total 55296K, used 17145K [0x00000000c0000000, 0x0000000100000000)
  region size 1024K, 1 young (1024K), 0 survivors (0K)
 Metaspace       used 37417K, committed 37952K, reserved 1114112K
  class space    used 4847K, committed 5056K, reserved 1048576K
}
Event: 2777.029 GC heap after
{Heap after GC invocations=250 (full 240):
 garbage-first heap   total 55296K, used 17145K [0x00000000c0000000, 0x0000000100000000)
  region size 1024K, 0 young (0K), 0 survivors (0K)
 Metaspace       used 37417K, committed 37952K, reserved 1114112K
  class space    used 4847K, committed 5056K, reserved 1048576K
}
Event: 2787.266 GC heap before
{Heap before GC invocations=250 (full 240):
 garbage-first heap   total 55296K, used 17145K [0x00000000c0000000, 0x0000000100000000)
  region size 1024K, 1 young (1024K), 0 survivors (0K)
 Metaspace       used 37417K, committed 37952K, reserved 1114112K
  class space    used 4847K, committed 5056K, reserved 1048576K
}
Event: 2787.302 GC heap after
{Heap after GC invocations=251 (full 241):
 garbage-first heap   total 55296K, used 17145K [0x00000000c0000000, 0x0000000100000000)
  region size 1024K, 0 young (0K), 0 survivors (0K)
 Metaspace       used 37417K, committed 37952K, reserved 1114112K
  class space    used 4847K, committed 5056K, reserved 1048576K
}
Event: 2797.556 GC heap before
{Heap before GC invocations=251 (full 241):
 garbage-first heap   total 55296K, used 17145K [0x00000000c0000000, 0x0000000100000000)
  region size 1024K, 1 young (1024K), 0 survivors (0K)
 Metaspace       used 37417K, committed 37952K, reserved 1114112K
  class space    used 4847K, committed 5056K, reserved 1048576K
}
Event: 2797.601 GC heap after
{Heap after GC invocations=252 (full 242):
 garbage-first heap   total 55296K, used 17145K [0x00000000c0000000, 0x0000000100000000)
  region size 1024K, 0 young (0K), 0 survivors (0K)
 Metaspace       used 37417K, committed 37952K, reserved 1114112K
  class space    used 4847K, committed 5056K, reserved 1048576K
}
Event: 2807.875 GC heap before
{Heap before GC invocations=252 (full 242):
 garbage-first heap   total 55296K, used 17145K [0x00000000c0000000, 0x0000000100000000)
  region size 1024K, 1 young (1024K), 0 survivors (0K)
 Metaspace       used 37417K, committed 37952K, reserved 1114112K
  class space    used 4847K, committed 5056K, reserved 1048576K
}
Event: 2807.918 GC heap after
{Heap after GC invocations=253 (full 243):
 garbage-first heap   total 55296K, used 17145K [0x00000000c0000000, 0x0000000100000000)
  region size 1024K, 0 young (0K), 0 survivors (0K)
 Metaspace       used 37417K, committed 37952K, reserved 1114112K
  class space    used 4847K, committed 5056K, reserved 1048576K
}
Event: 2818.171 GC heap before
{Heap before GC invocations=253 (full 243):
 garbage-first heap   total 55296K, used 17145K [0x00000000c0000000, 0x0000000100000000)
  region size 1024K, 1 young (1024K), 0 survivors (0K)
 Metaspace       used 37417K, committed 37952K, reserved 1114112K
  class space    used 4847K, committed 5056K, reserved 1048576K
}
Event: 2818.206 GC heap after
{Heap after GC invocations=254 (full 244):
 garbage-first heap   total 55296K, used 17145K [0x00000000c0000000, 0x0000000100000000)
  region size 1024K, 0 young (0K), 0 survivors (0K)
 Metaspace       used 37417K, committed 37952K, reserved 1114112K
  class space    used 4847K, committed 5056K, reserved 1048576K
}

Dll operation events (7 events):
Event: 0.088 Loaded shared library c:\Users\claud\.vscode\extensions\redhat.java-1.21.0-win32-x64\jre\17.0.7-win32-x86_64\bin\java.dll
Event: 3.086 Loaded shared library C:\Users\claud\.vscode\extensions\redhat.java-1.21.0-win32-x64\jre\17.0.7-win32-x86_64\bin\net.dll
Event: 3.746 Loaded shared library C:\Users\claud\.vscode\extensions\redhat.java-1.21.0-win32-x64\jre\17.0.7-win32-x86_64\bin\nio.dll
Event: 6.242 Loaded shared library C:\Users\claud\.vscode\extensions\redhat.java-1.21.0-win32-x64\jre\17.0.7-win32-x86_64\bin\zip.dll
Event: 45.883 Loaded shared library C:\Users\claud\.vscode\extensions\redhat.java-1.21.0-win32-x64\jre\17.0.7-win32-x86_64\bin\jimage.dll
Event: 64.113 Loaded shared library C:\Users\claud\.vscode\extensions\redhat.java-1.21.0-win32-x64\jre\17.0.7-win32-x86_64\bin\management.dll
Event: 64.156 Loaded shared library C:\Users\claud\.vscode\extensions\redhat.java-1.21.0-win32-x64\jre\17.0.7-win32-x86_64\bin\management_ext.dll

Deoptimization events (6 events):
Event: 50.051 Thread 0x00000244f6147a60 DEOPT PACKING pc=0x00000244f92a6519 sp=0x0000008212efd680
Event: 50.051 Thread 0x00000244f6147a60 DEOPT UNPACKING pc=0x00000244f8e1ace3 sp=0x0000008212efcb60 mode 3
Event: 64.764 Thread 0x0000024486b17020 DEOPT PACKING pc=0x00000244f9403db5 sp=0x0000008214bfe290
Event: 64.764 Thread 0x0000024486b17020 DEOPT UNPACKING pc=0x00000244f8e1ace3 sp=0x0000008214bfd7b8 mode 3
Event: 464.748 Thread 0x00000244ffc64100 DEOPT PACKING pc=0x00000244f931f3d4 sp=0x0000008214aff200
Event: 464.748 Thread 0x00000244ffc64100 DEOPT UNPACKING pc=0x00000244f8e1ace3 sp=0x0000008214afe6a8 mode 0

Classes unloaded (20 events):
Event: 114.498 Thread 0x00000244fef5c470 Unloading class 0x0000000100091c00 'java/lang/invoke/LambdaForm$MH+0x0000000100091c00'
Event: 114.498 Thread 0x00000244fef5c470 Unloading class 0x0000000100091800 'java/lang/invoke/LambdaForm$MH+0x0000000100091800'
Event: 114.498 Thread 0x00000244fef5c470 Unloading class 0x0000000100091400 'java/lang/invoke/LambdaForm$MH+0x0000000100091400'
Event: 114.498 Thread 0x00000244fef5c470 Unloading class 0x0000000100091000 'java/lang/invoke/LambdaForm$MH+0x0000000100091000'
Event: 114.498 Thread 0x00000244fef5c470 Unloading class 0x0000000100090c00 'java/lang/invoke/LambdaForm$MH+0x0000000100090c00'
Event: 114.498 Thread 0x00000244fef5c470 Unloading class 0x0000000100090800 'java/lang/invoke/LambdaForm$MH+0x0000000100090800'
Event: 114.498 Thread 0x00000244fef5c470 Unloading class 0x0000000100090400 'java/lang/invoke/LambdaForm$MH+0x0000000100090400'
Event: 114.498 Thread 0x00000244fef5c470 Unloading class 0x000000010008b800 'java/lang/invoke/LambdaForm$MH+0x000000010008b800'
Event: 114.498 Thread 0x00000244fef5c470 Unloading class 0x000000010008b400 'java/lang/invoke/LambdaForm$MH+0x000000010008b400'
Event: 114.498 Thread 0x00000244fef5c470 Unloading class 0x000000010008b000 'java/lang/invoke/LambdaForm$MH+0x000000010008b000'
Event: 114.498 Thread 0x00000244fef5c470 Unloading class 0x000000010008ac00 'java/lang/invoke/LambdaForm$MH+0x000000010008ac00'
Event: 114.498 Thread 0x00000244fef5c470 Unloading class 0x000000010008a800 'java/lang/invoke/LambdaForm$MH+0x000000010008a800'
Event: 114.498 Thread 0x00000244fef5c470 Unloading class 0x000000010008a400 'java/lang/invoke/LambdaForm$MH+0x000000010008a400'
Event: 114.498 Thread 0x00000244fef5c470 Unloading class 0x0000000100089c00 'java/lang/invoke/LambdaForm$MH+0x0000000100089c00'
Event: 114.498 Thread 0x00000244fef5c470 Unloading class 0x0000000100089400 'java/lang/invoke/LambdaForm$MH+0x0000000100089400'
Event: 114.498 Thread 0x00000244fef5c470 Unloading class 0x0000000100088c00 'java/lang/invoke/LambdaForm$MH+0x0000000100088c00'
Event: 114.498 Thread 0x00000244fef5c470 Unloading class 0x0000000100088400 'java/lang/invoke/LambdaForm$MH+0x0000000100088400'
Event: 905.812 Thread 0x00000244fef5c470 Unloading class 0x000000010042a000 'java/lang/invoke/LambdaForm$MH+0x000000010042a000'
Event: 905.812 Thread 0x00000244fef5c470 Unloading class 0x00000001004f9000 'java/lang/invoke/LambdaForm$MH+0x00000001004f9000'
Event: 905.812 Thread 0x00000244fef5c470 Unloading class 0x0000000100501000 'java/lang/invoke/LambdaForm$MH+0x0000000100501000'

Classes redefined (0 events):
No events

Internal exceptions (20 events):
Event: 51.718 Thread 0x00000244f6147a60 Exception <a 'java/lang/NoSuchMethodError'{0x00000000c24ad0b8}: 'java.lang.Object java.lang.invoke.DirectMethodHandle$Holder.invokeSpecial(java.lang.Object, java.lang.Object, java.lang.Object, java.lang.Object, java.lang.Object, java.lang.Object, java.lang.Object, java.lang.Object, java.lang.Object, java.lang.Object)'> (0x00000000c24ad0b8) 
thrown [s\src\hotspot\share\interpreter\linkResolver.cpp, line 759]
Event: 51.718 Thread 0x00000244f6147a60 Exception <a 'java/lang/NoSuchMethodError'{0x00000000c24b16a0}: 'java.lang.Object java.lang.invoke.Invokers$Holder.invoke_MT(java.lang.Object, java.lang.Object, java.lang.Object, java.lang.Object, java.lang.Object, java.lang.Object, java.lang.Object, java.lang.Object, java.lang.Object, java.lang.Object)'> (0x00000000c24b16a0) 
thrown [s\src\hotspot\share\interpreter\linkResolver.cpp, line 759]
Event: 51.729 Thread 0x00000244f6147a60 Exception <a 'java/lang/NoSuchMethodError'{0x00000000c24f5dc8}: 'java.lang.Object java.lang.invoke.DirectMethodHandle$Holder.invokeSpecial(java.lang.Object, java.lang.Object, int, java.lang.Object, java.lang.Object)'> (0x00000000c24f5dc8) 
thrown [s\src\hotspot\share\interpreter\linkResolver.cpp, line 759]
Event: 51.729 Thread 0x00000244f6147a60 Exception <a 'java/lang/NoSuchMethodError'{0x00000000c24f9a88}: 'java.lang.Object java.lang.invoke.DelegatingMethodHandle$Holder.delegate(java.lang.Object, int, java.lang.Object, java.lang.Object)'> (0x00000000c24f9a88) 
thrown [s\src\hotspot\share\interpreter\linkResolver.cpp, line 759]
Event: 51.731 Thread 0x00000244f6147a60 Exception <a 'java/lang/NoSuchMethodError'{0x00000000c230ad28}: 'int java.lang.invoke.Invokers$Holder.linkToTargetMethod(java.lang.Object, java.lang.Object, java.lang.Object)'> (0x00000000c230ad28) 
thrown [s\src\hotspot\share\interpreter\linkResolver.cpp, line 759]
Event: 51.839 Thread 0x00000244f6147a60 Exception <a 'java/lang/NoSuchMethodError'{0x00000000c7885a68}: 'void java.lang.invoke.DirectMethodHandle$Holder.invokeSpecial(java.lang.Object, java.lang.Object, java.lang.Object, java.lang.Object, java.lang.Object, java.lang.Object)'> (0x00000000c7885a68) 
thrown [s\src\hotspot\share\interpreter\linkResolver.cpp, line 759]
Event: 51.897 Thread 0x00000244f6147a60 Exception <a 'java/lang/NoSuchMethodError'{0x00000000c6020fc8}: 'java.lang.Object java.lang.invoke.DirectMethodHandle$Holder.invokeStaticInit(java.lang.Object, int, int, int, int)'> (0x00000000c6020fc8) 
thrown [s\src\hotspot\share\interpreter\linkResolver.cpp, line 759]
Event: 51.999 Thread 0x00000244f6147a60 Exception <a 'java/lang/NoSuchMethodError'{0x00000000c60c3e58}: 'java.lang.Object java.lang.invoke.DirectMethodHandle$Holder.invokeStaticInit(java.lang.Object, java.lang.Object, int, int, int, int)'> (0x00000000c60c3e58) 
thrown [s\src\hotspot\share\interpreter\linkResolver.cpp, line 759]
Event: 55.385 Thread 0x00000244f6147a60 Exception <a 'java/lang/NoSuchMethodError'{0x00000000c2a89830}: 'void java.lang.invoke.DirectMethodHandle$Holder.invokeSpecialIFC(java.lang.Object, java.lang.Object, java.lang.Object)'> (0x00000000c2a89830) 
thrown [s\src\hotspot\share\interpreter\linkResolver.cpp, line 759]
Event: 62.806 Thread 0x00000244f6147a60 Exception <a 'java/lang/NoSuchMethodError'{0x00000000c2b6a198}: 'void java.lang.invoke.DirectMethodHandle$Holder.invokeSpecial(java.lang.Object, java.lang.Object, java.lang.Object, java.lang.Object, java.lang.Object, java.lang.Object, java.lang.Object)'> (0x00000000c2b6a198) 
thrown [s\src\hotspot\share\interpreter\linkResolver.cpp, line 759]
Event: 62.807 Thread 0x00000244f6147a60 Exception <a 'java/lang/NoSuchMethodError'{0x00000000c2b749b8}: 'java.lang.Object java.lang.invoke.DirectMethodHandle$Holder.newInvokeSpecial(java.lang.Object, java.lang.Object, java.lang.Object, java.lang.Object, java.lang.Object, java.lang.Object)'> (0x00000000c2b749b8) 
thrown [s\src\hotspot\share\interpreter\linkResolver.cpp, line 759]
Event: 63.572 Thread 0x00000244f6147a60 Exception <a 'java/lang/NoSuchMethodError'{0x00000000c2846960}: 'java.lang.Object java.lang.invoke.DirectMethodHandle$Holder.invokeInterface(java.lang.Object, java.lang.Object, int)'> (0x00000000c2846960) 
thrown [s\src\hotspot\share\interpreter\linkResolver.cpp, line 759]
Event: 63.575 Thread 0x00000244f6147a60 Exception <a 'java/lang/IncompatibleClassChangeError'{0x00000000c285a0e8}: Found class java.lang.Object, but interface was expected> (0x00000000c285a0e8) 
thrown [s\src\hotspot\share\interpreter\linkResolver.cpp, line 826]
Event: 64.023 Thread 0x00000244f6147a60 Exception <a 'java/lang/NoSuchMethodError'{0x00000000c2492ea0}: 'java.lang.Object java.lang.invoke.DirectMethodHandle$Holder.newInvokeSpecial(java.lang.Object, java.lang.Object, int, java.lang.Object, java.lang.Object)'> (0x00000000c2492ea0) 
thrown [s\src\hotspot\share\interpreter\linkResolver.cpp, line 759]
Event: 64.025 Thread 0x00000244f6147a60 Exception <a 'java/lang/NoSuchMethodError'{0x00000000c24a51f0}: 'java.lang.Object java.lang.invoke.DirectMethodHandle$Holder.invokeSpecial(java.lang.Object, java.lang.Object, int, java.lang.Object, int, java.lang.Object)'> (0x00000000c24a51f0) 
thrown [s\src\hotspot\share\interpreter\linkResolver.cpp, line 759]
Event: 64.026 Thread 0x00000244f6147a60 Exception <a 'java/lang/NoSuchMethodError'{0x00000000c24acff8}: 'java.lang.Object java.lang.invoke.DirectMethodHandle$Holder.newInvokeSpecial(java.lang.Object, java.lang.Object, int, java.lang.Object, int)'> (0x00000000c24acff8) 
thrown [s\src\hotspot\share\interpreter\linkResolver.cpp, line 759]
Event: 64.026 Thread 0x00000244f6147a60 Exception <a 'java/lang/NoSuchMethodError'{0x00000000c24b10f8}: 'java.lang.Object java.lang.invoke.DirectMethodHandle$Holder.invokeSpecial(java.lang.Object, java.lang.Object, java.lang.Object, int, java.lang.Object, int)'> (0x00000000c24b10f8) 
thrown [s\src\hotspot\share\interpreter\linkResolver.cpp, line 759]
Event: 64.816 Thread 0x00000244ffc64100 Exception <a 'java/lang/NoSuchMethodError'{0x00000000c2b53900}: 'java.lang.Object java.lang.invoke.DirectMethodHandle$Holder.invokeStatic(java.lang.Object, java.lang.Object, java.lang.Object, int, java.lang.Object, java.lang.Object)'> (0x00000000c2b53900) 
thrown [s\src\hotspot\share\interpreter\linkResolver.cpp, line 759]
Event: 104.054 Thread 0x00000244ffc8c380 Exception <a 'java/lang/NoSuchMethodError'{0x00000000c2812268}: 'void java.lang.invoke.DirectMethodHandle$Holder.invokeStatic(java.lang.Object, long)'> (0x00000000c2812268) 
thrown [s\src\hotspot\share\interpreter\linkResolver.cpp, line 759]
Event: 104.054 Thread 0x00000244ffc8c380 Exception <a 'java/lang/NoSuchMethodError'{0x00000000c2817610}: 'java.lang.Object java.lang.invoke.DirectMethodHandle$Holder.newInvokeSpecial(java.lang.Object, long)'> (0x00000000c2817610) 
thrown [s\src\hotspot\share\interpreter\linkResolver.cpp, line 759]

VM Operations (20 events):
Event: 2724.704 Executing VM operation: G1CollectFull done
Event: 2735.071 Executing VM operation: G1CollectFull
Event: 2735.122 Executing VM operation: G1CollectFull done
Event: 2745.594 Executing VM operation: G1CollectFull
Event: 2745.652 Executing VM operation: G1CollectFull done
Event: 2756.176 Executing VM operation: G1CollectFull
Event: 2756.233 Executing VM operation: G1CollectFull done
Event: 2766.672 Executing VM operation: G1CollectFull
Event: 2766.729 Executing VM operation: G1CollectFull done
Event: 2776.994 Executing VM operation: G1CollectFull
Event: 2777.029 Executing VM operation: G1CollectFull done
Event: 2787.266 Executing VM operation: G1CollectFull
Event: 2787.302 Executing VM operation: G1CollectFull done
Event: 2797.556 Executing VM operation: G1CollectFull
Event: 2797.602 Executing VM operation: G1CollectFull done
Event: 2807.874 Executing VM operation: G1CollectFull
Event: 2807.919 Executing VM operation: G1CollectFull done
Event: 2818.170 Executing VM operation: G1CollectFull
Event: 2818.206 Executing VM operation: G1CollectFull done
Event: 16328.255 Executing VM operation: G1CollectFull

Events (20 events):
Event: 104.055 loading class java/lang/ProcessImpl$2
Event: 104.055 loading class java/lang/ProcessImpl$2 done
Event: 104.056 loading class java/lang/Process$PipeInputStream
Event: 104.056 loading class java/lang/Process$PipeInputStream done
Event: 104.056 loading class jdk/internal/event/ProcessStartEvent
Event: 104.057 loading class jdk/internal/event/ProcessStartEvent done
Event: 104.248 loading class java/io/FileOutputStream$1
Event: 104.248 loading class java/io/FileOutputStream$1 done
Event: 124.896 Thread 0x000002448622aef0 Thread exited: 0x000002448622aef0
Event: 125.939 Thread 0x000002448622a550 Thread exited: 0x000002448622a550
Event: 464.749 Thread 0x000002448622a550 Thread added: 0x000002448622a550
Event: 524.778 Thread 0x000002448622a550 Thread exited: 0x000002448622a550
Event: 832.523 Thread 0x000002448622a080 Thread added: 0x000002448622a080
Event: 916.563 Thread 0x000002448622a080 Thread exited: 0x000002448622a080
Event: 2094.566 Thread 0x000002448622b890 Thread added: 0x000002448622b890
Event: 2094.570 Thread 0x000002448622b3c0 Thread added: 0x000002448622b3c0
Event: 2094.580 Thread 0x000002448622a080 Thread added: 0x000002448622a080
Event: 2157.830 Thread 0x000002448622b3c0 Thread exited: 0x000002448622b3c0
Event: 2159.651 Thread 0x000002448622b890 Thread exited: 0x000002448622b890
Event: 2164.554 Thread 0x000002448622a080 Thread exited: 0x000002448622a080


Dynamic libraries:
0x00007ff70c5b0000 - 0x00007ff70c5be000 	c:\Users\claud\.vscode\extensions\redhat.java-1.21.0-win32-x64\jre\17.0.7-win32-x86_64\bin\java.exe
0x00007ffe57670000 - 0x00007ffe57868000 	C:\WINDOWS\SYSTEM32\ntdll.dll
0x00007ffe56a90000 - 0x00007ffe56b4f000 	C:\WINDOWS\System32\KERNEL32.DLL
0x00007ffe54fe0000 - 0x00007ffe552d6000 	C:\WINDOWS\System32\KERNELBASE.dll
0x00007ffe52500000 - 0x00007ffe52591000 	C:\WINDOWS\SYSTEM32\apphelp.dll
0x00007ffe54e90000 - 0x00007ffe54f90000 	C:\WINDOWS\System32\ucrtbase.dll
0x00007ffe4ea20000 - 0x00007ffe4ea37000 	c:\Users\claud\.vscode\extensions\redhat.java-1.21.0-win32-x64\jre\17.0.7-win32-x86_64\bin\jli.dll
0x00007ffe4de30000 - 0x00007ffe4de49000 	c:\Users\claud\.vscode\extensions\redhat.java-1.21.0-win32-x64\jre\17.0.7-win32-x86_64\bin\VCRUNTIME140.dll
0x00007ffe57370000 - 0x00007ffe5750d000 	C:\WINDOWS\System32\USER32.dll
0x00007ffe55540000 - 0x00007ffe55562000 	C:\WINDOWS\System32\win32u.dll
0x00007ffe56660000 - 0x00007ffe5668c000 	C:\WINDOWS\System32\GDI32.dll
0x00007ffe553b0000 - 0x00007ffe554c5000 	C:\WINDOWS\System32\gdi32full.dll
0x00007ffe55310000 - 0x00007ffe553ad000 	C:\WINDOWS\System32\msvcp_win.dll
0x00007ffe31770000 - 0x00007ffe31a0a000 	C:\WINDOWS\WinSxS\amd64_microsoft.windows.common-controls_6595b64144ccf1df_6.0.19041.1110_none_60b5254171f9507e\COMCTL32.dll
0x00007ffe57130000 - 0x00007ffe571ce000 	C:\WINDOWS\System32\msvcrt.dll
0x00007ffe56a60000 - 0x00007ffe56a90000 	C:\WINDOWS\System32\IMM32.DLL
0x00007ffe4ea10000 - 0x00007ffe4ea1c000 	c:\Users\claud\.vscode\extensions\redhat.java-1.21.0-win32-x64\jre\17.0.7-win32-x86_64\bin\vcruntime140_1.dll
0x00007ffe45ea0000 - 0x00007ffe45f31000 	c:\Users\claud\.vscode\extensions\redhat.java-1.21.0-win32-x64\jre\17.0.7-win32-x86_64\bin\msvcp140.dll
0x00007ffe110f0000 - 0x00007ffe11d38000 	c:\Users\claud\.vscode\extensions\redhat.java-1.21.0-win32-x64\jre\17.0.7-win32-x86_64\bin\server\jvm.dll
0x00007ffe56b50000 - 0x00007ffe56bff000 	C:\WINDOWS\System32\ADVAPI32.dll
0x00007ffe57510000 - 0x00007ffe575ac000 	C:\WINDOWS\System32\sechost.dll
0x00007ffe55f60000 - 0x00007ffe56086000 	C:\WINDOWS\System32\RPCRT4.dll
0x00007ffe46140000 - 0x00007ffe46149000 	C:\WINDOWS\SYSTEM32\WSOCK32.dll
0x00007ffe56ed0000 - 0x00007ffe56f3b000 	C:\WINDOWS\System32\WS2_32.dll
0x00007ffe313c0000 - 0x00007ffe313e7000 	C:\WINDOWS\SYSTEM32\WINMM.dll
0x00007ffe4cb80000 - 0x00007ffe4cb8a000 	C:\WINDOWS\SYSTEM32\VERSION.dll
0x00007ffe52bd0000 - 0x00007ffe52be2000 	C:\WINDOWS\SYSTEM32\kernel.appcore.dll
0x00007ffe4ddd0000 - 0x00007ffe4ddda000 	c:\Users\claud\.vscode\extensions\redhat.java-1.21.0-win32-x64\jre\17.0.7-win32-x86_64\bin\jimage.dll
0x00007ffe4fa90000 - 0x00007ffe4fc74000 	C:\WINDOWS\SYSTEM32\DBGHELP.DLL
0x00007ffe4d790000 - 0x00007ffe4d7c4000 	C:\WINDOWS\SYSTEM32\dbgcore.DLL
0x00007ffe54d50000 - 0x00007ffe54dd2000 	C:\WINDOWS\System32\bcryptPrimitives.dll
0x00007ffe46520000 - 0x00007ffe46545000 	c:\Users\claud\.vscode\extensions\redhat.java-1.21.0-win32-x64\jre\17.0.7-win32-x86_64\bin\java.dll
0x00007ffe4dd70000 - 0x00007ffe4dd88000 	c:\Users\claud\.vscode\extensions\redhat.java-1.21.0-win32-x64\jre\17.0.7-win32-x86_64\bin\zip.dll
0x00007ffe556d0000 - 0x00007ffe55e14000 	C:\WINDOWS\System32\SHELL32.dll
0x00007ffe52df0000 - 0x00007ffe53583000 	C:\WINDOWS\SYSTEM32\windows.storage.dll
0x00007ffe566f0000 - 0x00007ffe56a44000 	C:\WINDOWS\System32\combase.dll
0x00007ffe546c0000 - 0x00007ffe546ee000 	C:\WINDOWS\SYSTEM32\Wldp.dll
0x00007ffe57260000 - 0x00007ffe5730d000 	C:\WINDOWS\System32\SHCORE.dll
0x00007ffe56690000 - 0x00007ffe566e5000 	C:\WINDOWS\System32\shlwapi.dll
0x00007ffe54c80000 - 0x00007ffe54ca5000 	C:\WINDOWS\SYSTEM32\profapi.dll
0x00007ffe4d920000 - 0x00007ffe4d939000 	C:\Users\claud\.vscode\extensions\redhat.java-1.21.0-win32-x64\jre\17.0.7-win32-x86_64\bin\net.dll
0x00007ffe4fcc0000 - 0x00007ffe4fdca000 	C:\WINDOWS\SYSTEM32\WINHTTP.dll
0x00007ffe54420000 - 0x00007ffe5448a000 	C:\WINDOWS\system32\mswsock.dll
0x00007ffe4be90000 - 0x00007ffe4bea5000 	C:\Users\claud\.vscode\extensions\redhat.java-1.21.0-win32-x64\jre\17.0.7-win32-x86_64\bin\nio.dll
0x00007ffe54610000 - 0x00007ffe54628000 	C:\WINDOWS\SYSTEM32\CRYPTSP.dll
0x00007ffe53d30000 - 0x00007ffe53d64000 	C:\WINDOWS\system32\rsaenh.dll
0x00007ffe552e0000 - 0x00007ffe55307000 	C:\WINDOWS\System32\bcrypt.dll
0x00007ffe54c00000 - 0x00007ffe54c2e000 	C:\WINDOWS\SYSTEM32\USERENV.dll
0x00007ffe54630000 - 0x00007ffe5463c000 	C:\WINDOWS\SYSTEM32\CRYPTBASE.dll
0x00007ffe54110000 - 0x00007ffe5414b000 	C:\WINDOWS\SYSTEM32\IPHLPAPI.DLL
0x00007ffe56090000 - 0x00007ffe56098000 	C:\WINDOWS\System32\NSI.dll
0x00007ffe4cbd0000 - 0x00007ffe4cbe7000 	C:\WINDOWS\SYSTEM32\dhcpcsvc6.DLL
0x00007ffe4d860000 - 0x00007ffe4d87d000 	C:\WINDOWS\SYSTEM32\dhcpcsvc.DLL
0x00007ffe54150000 - 0x00007ffe5421a000 	C:\WINDOWS\SYSTEM32\DNSAPI.dll
0x00007ffe4c1a0000 - 0x00007ffe4c1a9000 	C:\Users\claud\.vscode\extensions\redhat.java-1.21.0-win32-x64\jre\17.0.7-win32-x86_64\bin\management.dll
0x00007ffe4c050000 - 0x00007ffe4c05b000 	C:\Users\claud\.vscode\extensions\redhat.java-1.21.0-win32-x64\jre\17.0.7-win32-x86_64\bin\management_ext.dll
0x00007ffe56d10000 - 0x00007ffe56d18000 	C:\WINDOWS\System32\PSAPI.DLL

dbghelp: loaded successfully - version: 4.0.5 - missing functions: none
symbol engine: initialized successfully - sym options: 0x614 - pdb path: .;c:\Users\claud\.vscode\extensions\redhat.java-1.21.0-win32-x64\jre\17.0.7-win32-x86_64\bin;C:\WINDOWS\SYSTEM32;C:\WINDOWS\WinSxS\amd64_microsoft.windows.common-controls_6595b64144ccf1df_6.0.19041.1110_none_60b5254171f9507e;c:\Users\claud\.vscode\extensions\redhat.java-1.21.0-win32-x64\jre\17.0.7-win32-x86_64\bin\server

VM Arguments:
jvm_args: -XX:+HeapDumpOnOutOfMemoryError -Xmx1024m -Dsts.lsp.client=vscode -Dsts.log.file=/dev/null -XX:TieredStopAtLevel=1 -Xlog:jni+resolve=off -Dspring.config.location=file:c:\Users\claud\.vscode\extensions\vmware.vscode-spring-boot-1.48.0\language-server\BOOT-INF\classes\application.properties 
java_command: org.springframework.ide.vscode.boot.app.BootLanguageServerBootApp
java_class_path (initial): c:\Users\claud\.vscode\extensions\vmware.vscode-spring-boot-1.48.0\language-server\BOOT-INF\classes;c:\Users\claud\.vscode\extensions\vmware.vscode-spring-boot-1.48.0\language-server\BOOT-INF\lib\annotations-24.0.1.jar;c:\Users\claud\.vscode\extensions\vmware.vscode-spring-boot-1.48.0\language-server\BOOT-INF\lib\antlr-runtime-3.5.3.jar;c:\Users\claud\.vscode\extensions\vmware.vscode-spring-boot-1.48.0\language-server\BOOT-INF\lib\antlr4-4.11.1.jar;c:\Users\claud\.vscode\extensions\vmware.vscode-spring-boot-1.48.0\language-server\BOOT-INF\lib\antlr4-runtime-4.11.1.jar;c:\Users\claud\.vscode\extensions\vmware.vscode-spring-boot-1.48.0\language-server\BOOT-INF\lib\archunit-1.0.1.jar;c:\Users\claud\.vscode\extensions\vmware.vscode-spring-boot-1.48.0\language-server\BOOT-INF\lib\asm-9.5.jar;c:\Users\claud\.vscode\extensions\vmware.vscode-spring-boot-1.48.0\language-server\BOOT-INF\lib\asm-analysis-9.5.jar;c:\Users\claud\.vscode\extensions\vmware.vscode-spring-boot-1.48.0\language-server\BOOT-INF\lib\asm-tree-9.5.jar;c:\Users\claud\.vscode\extensions\vmware.vscode-spring-boot-1.48.0\language-server\BOOT-INF\lib\asm-util-9.5.jar;c:\Users\claud\.vscode\extensions\vmware.vscode-spring-boot-1.48.0\language-server\BOOT-INF\lib\bosh-language-server-1.48.0-SNAPSHOT.jar;c:\Users\claud\.vscode\extensions\vmware.vscode-spring-boot-1.48.0\language-server\BOOT-INF\lib\caffeine-3.1.6.jar;c:\Users\claud\.vscode\extensions\vmware.vscode-spring-boot-1.48.0\language-server\BOOT-INF\lib\checker-qual-3.12.0.jar;c:\Users\claud\.vscode\extensions\vmware.vscode-spring-boot-1.48.0\language-server\BOOT-INF\lib\classgraph-4.8.149.jar;c:\Users\claud\.vscode\extensions\vmware.vscode-spring-boot-1.48.0\language-server\BOOT-INF\lib\commons-codec-1.15.jar;c:\Users\claud\.vscode\extensions\vmware.vscode-spring-boot-1.48.0\language-server\BOOT-INF\lib\commons-compress-1.23.0.jar;c:\Users\claud\.vscode\extensions\vmware.vscode-spring-boot-1.48.0\language-server\BOOT-INF\lib\
Launcher Type: SUN_STANDARD

[Global flags]
     intx CICompilerCount                          = 4                                         {product} {ergonomic}
     uint ConcGCThreads                            = 2                                         {product} {ergonomic}
     uint G1ConcRefinementThreads                  = 8                                         {product} {ergonomic}
   size_t G1HeapRegionSize                         = 1048576                                   {product} {ergonomic}
    uintx GCDrainStackTargetSize                   = 64                                        {product} {ergonomic}
     bool HeapDumpOnOutOfMemoryError               = true                                   {manageable} {command line}
   size_t InitialHeapSize                          = 127926272                                 {product} {ergonomic}
   size_t MarkStackSize                            = 4194304                                   {product} {ergonomic}
   size_t MaxHeapSize                              = 1073741824                                {product} {command line}
   size_t MaxNewSize                               = 643825664                                 {product} {ergonomic}
   size_t MinHeapDeltaBytes                        = 1048576                                   {product} {ergonomic}
   size_t MinHeapSize                              = 8388608                                   {product} {ergonomic}
    uintx NonProfiledCodeHeapSize                  = 0                                      {pd product} {ergonomic}
     bool ProfileInterpreter                       = false                                  {pd product} {command line}
    uintx ProfiledCodeHeapSize                     = 0                                      {pd product} {ergonomic}
   size_t SoftMaxHeapSize                          = 1073741824                             {manageable} {ergonomic}
     intx TieredStopAtLevel                        = 1                                         {product} {command line}
     bool UseCompressedClassPointers               = true                           {product lp64_product} {ergonomic}
     bool UseCompressedOops                        = true                           {product lp64_product} {ergonomic}
     bool UseG1GC                                  = true                                      {product} {ergonomic}
     bool UseLargePagesIndividualAllocation        = false                                  {pd product} {ergonomic}

Logging:
Log output configuration:
 #0: stdout all=warning,jni+resolve=off uptime,level,tags
 #1: stderr all=off uptime,level,tags

Environment Variables:
CLASSPATH=C:\Program Files\Java\jdk-17\bin
PATH=C:\Program Files\Common Files\Oracle\Java\javapath;C:\Program Files\Eclipse Adoptium\jdk-8.0.372.7-hotspot\bin;C:\Program Files (x86)\Common Files\Oracle\Java\javapath;C:\Python311\Scripts\;C:\Python311\;C:\WINDOWS\system32;C:\WINDOWS;C:\WINDOWS\System32\Wbem;C:\WINDOWS\System32\WindowsPowerShell\v1.0\;C:\WINDOWS\System32\OpenSSH\;C:\Program Files\nodejs\;C:\ProgramData\chocolatey\bin;C:\Program Files\Git\cmd;C:\Program Files\PostgreSQL\15\bin;C:\Program Files\Java\jdk-17\bin;C:\Users\claud\AppData\Local\Programs\Microsoft VS Code\bin;C:\Program Files\PostgreSQL\15\bin;
USERNAME=claud
OS=Windows_NT
PROCESSOR_IDENTIFIER=Intel64 Family 6 Model 126 Stepping 5, GenuineIntel
TMP=C:\Users\claud\AppData\Local\Temp
TEMP=C:\Users\claud\AppData\Local\Temp



---------------  S Y S T E M  ---------------

OS:
 Windows 10 , 64 bit Build 19041 (10.0.19041.3155)
OS uptime: 3 days 20:10 hours

CPU: total 8 (initial active 8) (4 cores per cpu, 2 threads per core) family 6 model 126 stepping 5 microcode 0xb0, cx8, cmov, fxsr, ht, mmx, 3dnowpref, sse, sse2, sse3, ssse3, sse4.1, sse4.2, popcnt, lzcnt, tsc, tscinvbit, avx, avx2, aes, erms, clmul, bmi1, bmi2, adx, avx512f, avx512dq, avx512cd, avx512bw, avx512vl, sha, fma, vzeroupper, avx512_vpopcntdq, avx512_vpclmulqdq, avx512_vaes, avx512_vnni, clflush, clflushopt, avx512_vbmi2, avx512_vbmi

Memory: 4k page, system-wide physical 7778M (424M free)
TotalPageFile size 22919M (AvailPageFile size 16M)
current process WorkingSet (physical memory assigned to process): 42M, peak: 145M
current process commit charge ("private bytes"): 180M, peak: 225M

vm_info: OpenJDK 64-Bit Server VM (17.0.7+7) for windows-amd64 JRE (17.0.7+7), built on Apr 18 2023 22:10:42 by "temurin" with MS VC++ 16.7 (VS2019)

END.
